-------------------------------------------------------------------------------
Test set: com.equinix.ioa.wb.nodeservice.NodeserviceApplicationTests
-------------------------------------------------------------------------------
Tests run: 1, Failures: 0, Errors: 1, Skipped: 0, Time elapsed: 0.068 s <<< FAILURE! - in com.equinix.ioa.wb.nodeservice.NodeserviceApplicationTests
initializationError  Time elapsed: 0.04 s  <<< ERROR!
java.lang.IllegalStateException: Unable to find a @SpringBootConfiguration, you need to use @ContextConfiguration or @SpringBootTest(classes=...) with your test

